{
  "RSpec": {
    "coverage": {
      "/app/app/controllers/departments_controller.rb": {
        "lines": [
          1,
          1,
          null,
          null,
          1,
          2,
          null,
          2,
          null,
          null,
          null,
          1,
          2,
          null,
          null,
          null,
          1,
          2,
          null,
          null,
          null,
          1,
          6,
          null,
          6,
          3,
          null,
          3,
          null,
          null,
          null,
          null,
          1,
          6,
          3,
          null,
          3,
          null,
          null,
          null,
          null,
          1,
          2,
          null,
          null,
          1,
          1,
          12,
          null,
          null,
          1,
          12,
          null,
          null
        ]
      },
      "/app/app/controllers/application_controller.rb": {
        "lines": [
          1,
          null
        ]
      },
      "/app/app/controllers/employees_controller.rb": {
        "lines": [
          1,
          1,
          null,
          null,
          1,
          2,
          null,
          2,
          null,
          null,
          null,
          1,
          2,
          null,
          null,
          null,
          1,
          6,
          null,
          6,
          3,
          null,
          3,
          null,
          null,
          null,
          null,
          1,
          6,
          3,
          null,
          3,
          null,
          null,
          null,
          null,
          1,
          2,
          null,
          null,
          1,
          null,
          1,
          10,
          null,
          null,
          1,
          12,
          null,
          null,
          1,
          6,
          null,
          null
        ]
      },
      "/app/app/models/department.rb": {
        "lines": [
          1,
          null,
          1,
          null,
          1,
          null,
          1,
          4,
          null,
          null
        ]
      },
      "/app/app/models/application_record.rb": {
        "lines": [
          1,
          1,
          null
        ]
      },
      "/app/app/models/employee.rb": {
        "lines": [
          1,
          null,
          1,
          null,
          1,
          1,
          1,
          1,
          1,
          1,
          1,
          1,
          1,
          1,
          1,
          1,
          null,
          1,
          1,
          null,
          null
        ]
      },
      "/app/app/services/employees_service.rb": {
        "lines": [
          1,
          null,
          1,
          6,
          null,
          null
        ]
      },
      "/app/app/services/application_service.rb": {
        "lines": [
          1,
          null
        ]
      },
      "/app/app/channels/application_cable/channel.rb": {
        "lines": [
          0,
          0,
          0,
          0
        ],
        "branches": {
        }
      },
      "/app/app/channels/application_cable/connection.rb": {
        "lines": [
          0,
          0,
          0,
          0
        ],
        "branches": {
        }
      },
      "/app/app/jobs/application_job.rb": {
        "lines": [
          0,
          null,
          null,
          null,
          null,
          null,
          0
        ],
        "branches": {
        }
      },
      "/app/app/mailers/application_mailer.rb": {
        "lines": [
          0,
          0,
          0,
          0
        ],
        "branches": {
        }
      }
    },
    "timestamp": 1661347694
  }
}
