{
  "RSpec": {
    "coverage": {
      "/app/app/models/employee.rb": {
        "lines": [
          1,
          null,
          1,
          1,
          1,
          1,
          1,
          1,
          1,
          1,
          1,
          1,
          1,
          1,
          null,
          1,
          0,
          null,
          null
        ]
      },
      "/app/app/models/application_record.rb": {
        "lines": [
          1,
          1,
          null
        ]
      },
      "/app/app/channels/application_cable/channel.rb": {
        "lines": [
          0,
          0,
          0,
          0
        ],
        "branches": {
        }
      },
      "/app/app/channels/application_cable/connection.rb": {
        "lines": [
          0,
          0,
          0,
          0
        ],
        "branches": {
        }
      },
      "/app/app/controllers/application_controller.rb": {
        "lines": [
          0,
          0
        ],
        "branches": {
        }
      },
      "/app/app/controllers/employees_controller.rb": {
        "lines": [
          0,
          0,
          null,
          null,
          0,
          0,
          null,
          0,
          0,
          null,
          null,
          0,
          0,
          0,
          null,
          null,
          0,
          0,
          null,
          0,
          0,
          0,
          0,
          0,
          0,
          null,
          null,
          0,
          0,
          0,
          0,
          0,
          0,
          0,
          null,
          null,
          0,
          0,
          0,
          null,
          0,
          null,
          0,
          0,
          0,
          null,
          0,
          0,
          0,
          null,
          0,
          0,
          0,
          0
        ],
        "branches": {
        }
      },
      "/app/app/jobs/application_job.rb": {
        "lines": [
          0,
          null,
          null,
          null,
          null,
          null,
          0
        ],
        "branches": {
        }
      },
      "/app/app/mailers/application_mailer.rb": {
        "lines": [
          0,
          0,
          0,
          0
        ],
        "branches": {
        }
      },
      "/app/app/services/application_service.rb": {
        "lines": [
          0,
          0
        ],
        "branches": {
        }
      },
      "/app/app/services/employees_service.rb": {
        "lines": [
          0,
          null,
          0,
          0,
          0,
          0
        ],
        "branches": {
        }
      }
    },
    "timestamp": 1661280103
  }
}
